<?xml version="1.0" encoding="UTF-8"?>
<!-- Generated by org.testng.reporters.JUnitReportReporter -->
<testsuite hostname="Lucky" failures="0" tests="1" name="com.actoJava.qa.endToEndTests.FlightValidationTests" time="38.662" errors="0" timestamp="2023-08-19T10:50:44 BST" skipped="0">
  <testcase classname="com.actoJava.qa.endToEndTests.FlightValidationTests" name="validateFlightDetails" time="38.662"/>
</testsuite> <!-- com.actoJava.qa.endToEndTests.FlightValidationTests -->
